<?xml version="1.0" encoding="UTF-8"?>
<!-- Generated by org.testng.reporters.JUnitReportReporter -->
<testsuite skipped="0" hostname="DEVMODE-PC" name="TestOne" tests="2" failures="0" timestamp="10 Sep 2020 06:02:31 GMT" time="0.013" errors="0">
  <testcase name="test1" time="0.000" classname="TestOne"/>
  <testcase name="test" time="0.013" classname="TestOne"/>
</testsuite> <!-- TestOne -->
